INFO:django.utils.autoreload:C:\Users\Ali-PC\Desktop\ideal\order_module\views.py changed, reloading.
DEBUG:urllib3.connectionpool:Starting new HTTPS connection (1): sandbox.zarinpal.com:443
DEBUG:urllib3.connectionpool:https://sandbox.zarinpal.com:443 "POST /pg/v4/payment/request.json HTTP/1.1" 500 None
DEBUG:root:Request URL: https://sandbox.zarinpal.com/pg/v4/payment/request.json
DEBUG:root:Request data: {'merchant_id': '44c9a34d-acec-46d6-8413-644e0480eb9d', 'amount': 2100000, 'callback_url': 'http://127.0.0.1:8000/order/verify-payment/', 'description': '\u0646\u0647\u0627\u06cc\u06cc \u06a9\u0631\u062f\u0646 \u062e\u0631\u06cc\u062f \u0634\u0645\u0627 \u0627\u0632 \u0633\u0627\u06cc\u062a \u0645\u0627'}
DEBUG:root:Response status code: 500
WARNING:django.request:Not Found: /manifest.json
INFO:django.utils.autoreload:C:\Users\Ali-PC\Desktop\ideal\order_module\views.py changed, reloading.
DEBUG:urllib3.connectionpool:Starting new HTTPS connection (1): sandbox.zarinpal.com:443
DEBUG:urllib3.connectionpool:https://sandbox.zarinpal.com:443 "POST /pg/v4/payment/request.json HTTP/1.1" 500 None
DEBUG:root:Request URL: https://sandbox.zarinpal.com/pg/v4/payment/request.json
DEBUG:root:Request data: {'merchant_id': '44c9a34d-acec-46d6-8413-644e0480eb9d', 'amount': 2100000, 'callback_url': 'http://127.0.0.1:8000/order/verify-payment/', 'description': '\u0646\u0647\u0627\u06cc\u06cc \u06a9\u0631\u062f\u0646 \u062e\u0631\u06cc\u062f \u0634\u0645\u0627 \u0627\u0632 \u0633\u0627\u06cc\u062a \u0645\u0627', 'metadata': {'mobile': '09123456789', 'email': 'a@b.com'}}
DEBUG:root:Response status code: 500
WARNING:django.request:Not Found: /manifest.json
INFO:django.utils.autoreload:C:\Users\Ali-PC\Desktop\ideal\order_module\views.py changed, reloading.
DEBUG:urllib3.connectionpool:Starting new HTTPS connection (1): sandbox.zarinpal.com:443
DEBUG:urllib3.connectionpool:https://sandbox.zarinpal.com:443 "POST /pg/v4/payment/request.json HTTP/1.1" 500 None
DEBUG:root:Request URL: https://sandbox.zarinpal.com/pg/v4/payment/request.json
DEBUG:root:Request data: {'merchant_id': '44c9a34d-acec-46d6-8413-644e0480eb9d', 'amount': 2100000, 'callback_url': 'http://127.0.0.1:8000/order/verify-payment/', 'description': '\u0646\u0647\u0627\u06cc\u06cc \u06a9\u0631\u062f\u0646 \u062e\u0631\u06cc\u062f \u0634\u0645\u0627 \u0627\u0632 \u0633\u0627\u06cc\u062a \u0645\u0627', 'metadata': {'mobile': '09123456789', 'email': 'a@b.com'}}
DEBUG:root:Response status code: 500
WARNING:django.request:Not Found: /manifest.json
INFO:django.utils.autoreload:C:\Users\Ali-PC\Desktop\ideal\order_module\views.py changed, reloading.
DEBUG:urllib3.connectionpool:Starting new HTTPS connection (1): sandbox.zarinpal.com:443
DEBUG:urllib3.connectionpool:https://sandbox.zarinpal.com:443 "POST /pg/v4/payment/request.json HTTP/1.1" 500 None
DEBUG:root:Request URL: https://sandbox.zarinpal.com/pg/v4/payment/request.json
DEBUG:root:Request data: {'merchant_id': '44c9a34d-acec-46d6-8413-644e0480eb9d', 'amount': 2100000, 'callback_url': 'http://127.0.0.1:8000/order/verify-payment/', 'description': '\u0646\u0647\u0627\u06cc\u06cc \u06a9\u0631\u062f\u0646 \u062e\u0631\u06cc\u062f \u0634\u0645\u0627 \u0627\u0632 \u0633\u0627\u06cc\u062a \u0645\u0627', 'metadata': {'mobile': '09123456789', 'email': 'a@b.com'}}
DEBUG:root:Response status code: 500
WARNING:django.request:Not Found: /manifest.json
INFO:django.utils.autoreload:C:\Users\Ali-PC\Desktop\ideal\order_module\views.py changed, reloading.
INFO:django.utils.autoreload:C:\Users\Ali-PC\Desktop\ideal\order_module\views.py changed, reloading.
DEBUG:urllib3.connectionpool:Starting new HTTPS connection (1): sandbox.zarinpal.com:443
DEBUG:urllib3.connectionpool:https://sandbox.zarinpal.com:443 "POST /pg/v4/payment/request.json HTTP/1.1" 500 None
DEBUG:root:Request URL: https://sandbox.zarinpal.com/pg/v4/payment/request.json
DEBUG:root:Request data: {'merchant_id': '44c9a34d-acec-46d6-8413-644e0480eb9d', 'amount': 2100000, 'callback_url': 'http://127.0.0.1:8000/order/verify-payment/', 'description': '\u0646\u0647\u0627\u06cc\u06cc \u06a9\u0631\u062f\u0646 \u062e\u0631\u06cc\u062f \u0634\u0645\u0627 \u0627\u0632 \u0633\u0627\u06cc\u062a \u0645\u0627', 'metadata': {'mobile': '09123456789', 'email': 'a@b.com'}}
DEBUG:root:Response status code: 500
WARNING:django.request:Not Found: /manifest.json
INFO:django.utils.autoreload:C:\Users\Ali-PC\Desktop\ideal\order_module\views.py changed, reloading.
DEBUG:urllib3.connectionpool:Starting new HTTPS connection (1): sandbox.zarinpal.com:443
DEBUG:urllib3.connectionpool:https://sandbox.zarinpal.com:443 "POST /pg/v4/payment/request.json HTTP/1.1" 500 None
DEBUG:root:Request URL: https://sandbox.zarinpal.com/pg/v4/payment/request.json
DEBUG:root:Request data: {'merchant_id': '44c9a34d-acec-46d6-8413-644e0480eb9d', 'amount': 2100000, 'callback_url': 'http://127.0.0.1:8000/order/verify-payment/', 'description': '\u0646\u0647\u0627\u06cc\u06cc \u06a9\u0631\u062f\u0646 \u062e\u0631\u06cc\u062f \u0634\u0645\u0627 \u0627\u0632 \u0633\u0627\u06cc\u062a \u0645\u0627', 'metadata': {'mobile': '09123456789', 'email': 'a@b.com'}}
DEBUG:root:Response status code: 500
WARNING:django.request:Not Found: /manifest.json
INFO:django.utils.autoreload:C:\Users\Ali-PC\Desktop\ideal\order_module\views.py changed, reloading.
DEBUG:urllib3.connectionpool:Starting new HTTPS connection (1): sandbox.zarinpal.com:443
DEBUG:urllib3.connectionpool:https://sandbox.zarinpal.com:443 "POST /pg/services/WebGate/wsdl HTTP/1.1" 404 None
DEBUG:root:Request URL: https://sandbox.zarinpal.com/pg/services/WebGate/wsdl
DEBUG:root:Request data: {'merchant_id': '44c9a34d-acec-46d6-8413-644e0480eb9d', 'amount': 2100000, 'callback_url': 'http://127.0.0.1:8000/order/verify-payment/', 'description': '\u0646\u0647\u0627\u06cc\u06cc \u06a9\u0631\u062f\u0646 \u062e\u0631\u06cc\u062f \u0634\u0645\u0627 \u0627\u0632 \u0633\u0627\u06cc\u062a \u0645\u0627', 'metadata': {'mobile': '09123456789', 'email': 'a@b.com'}}
DEBUG:root:Response status code: 404
INFO:django.utils.autoreload:C:\Users\Ali-PC\Desktop\ideal\order_module\views.py changed, reloading.
